<?xml version="1.0" encoding="UTF-8"?>
<!-- Generated by org.testng.reporters.JUnitReportReporter -->
<testsuite hostname="DESKTOP-9U65HJT" failures="0" tests="3" name="back.suites.ContactsTest" time="73.837" errors="0" timestamp="2024-07-31T19:12:35 CST" skipped="0">
  <testcase classname="back.suites.ContactsTest" name="deleteContact" time="32.630"/>
  <testcase classname="back.suites.ContactsTest" name="updateContact" time="32.192"/>
  <testcase classname="back.suites.ContactsTest" name="addContact" time="9.015"/>
</testsuite> <!-- back.suites.ContactsTest -->
