<?xml version="1.0" encoding="UTF-8"?>
<!-- Generated by org.testng.reporters.JUnitReportReporter -->
<testsuite hostname="DESKTOP-9U65HJT" failures="0" tests="3" name="back.suites.ContactsTest" time="71.560" errors="0" timestamp="2024-07-31T01:25:19 CST" skipped="0">
  <testcase classname="back.suites.ContactsTest" name="deleteContact" time="33.708"/>
  <testcase classname="back.suites.ContactsTest" name="addContact" time="6.837"/>
  <testcase classname="back.suites.ContactsTest" name="updateContact" time="31.015"/>
</testsuite> <!-- back.suites.ContactsTest -->
