<?xml version="1.0" encoding="UTF-8"?>
<!-- Generated by org.testng.reporters.JUnitReportReporter -->
<testsuite hostname="DESKTOP-9U65HJT" failures="0" tests="3" name="front.suites.ContactsFrontTest" time="46.834" errors="0" timestamp="2024-07-31T01:23:28 CST" skipped="0">
  <testcase classname="front.suites.ContactsFrontTest" name="editContact" time="15.719"/>
  <testcase classname="front.suites.ContactsFrontTest" name="deleteContact" time="19.177"/>
  <testcase classname="front.suites.ContactsFrontTest" name="addContact" time="11.938"/>
</testsuite> <!-- front.suites.ContactsFrontTest -->
