<?xml version="1.0" encoding="UTF-8"?>
<!-- Generated by org.testng.reporters.JUnitReportReporter -->
<testsuite hostname="DESKTOP-9U65HJT" failures="0" tests="3" name="front.suites.ContactsFrontTest" time="64.021" errors="0" timestamp="2024-07-31T19:10:01 CST" skipped="0">
  <testcase classname="front.suites.ContactsFrontTest" name="addContact" time="20.253"/>
  <testcase classname="front.suites.ContactsFrontTest" name="deleteContact" time="22.665"/>
  <testcase classname="front.suites.ContactsFrontTest" name="editContact" time="21.103"/>
</testsuite> <!-- front.suites.ContactsFrontTest -->
