<?xml version="1.0" encoding="UTF-8"?>
<!-- Generated by org.testng.reporters.JUnitReportReporter -->
<testsuite hostname="DESKTOP-9U65HJT" failures="0" tests="3" name="back.suites.ContactsTest" time="68.704" errors="0" timestamp="2024-07-30T14:16:25 CST" skipped="0">
  <testcase classname="back.suites.ContactsTest" name="deleteContact" time="32.524"/>
  <testcase classname="back.suites.ContactsTest" name="updateContact" time="30.972"/>
  <testcase classname="back.suites.ContactsTest" name="addContact" time="5.208"/>
</testsuite> <!-- back.suites.ContactsTest -->
