<?xml version="1.0" encoding="UTF-8"?>
<!-- Generated by org.testng.reporters.JUnitReportReporter -->
<testsuite hostname="DESKTOP-9U65HJT" failures="0" tests="3" name="front.suites.ContactsFrontTest" time="129.634" errors="0" timestamp="2024-08-20T00:10:56 CST" skipped="0">
  <testcase classname="front.suites.ContactsFrontTest" name="editContact" time="44.213"/>
  <testcase classname="front.suites.ContactsFrontTest" name="deleteContact" time="40.128"/>
  <testcase classname="front.suites.ContactsFrontTest" name="addContact" time="45.293"/>
</testsuite> <!-- front.suites.ContactsFrontTest -->
